This is pdfTeX, Version 3.141592653-2.6-1.40.25 (MiKTeX 23.5) (preloaded format=pdflatex 2023.5.23)  2 JUN 2023 19:48
entering extended mode
 restricted \write18 enabled.
 %&-line parsing enabled.
**C:/Users/vidi/Pictures/tfg-vperez/latex/memoria.tex
(C:/Users/vidi/Pictures/tfg-vperez/latex/memoria.tex
LaTeX2e <2022-11-01> patch level 1
L3 programming layer <2023-05-15>
(C:/Users/vidi/Pictures/tfg-vperez/latex\estilo.tex
(C:\Users\vidi\AppData\Local\Programs\MiKTeX\tex/latex/base\book.cls
Document Class: book 2022/07/02 v1.4n Standard LaTeX document class
(C:\Users\vidi\AppData\Local\Programs\MiKTeX\tex/latex/base\bk12.clo
File: bk12.clo 2022/07/02 v1.4n Standard LaTeX file (size option)
)
\c@part=\count185
\c@chapter=\count186
\c@section=\count187
\c@subsection=\count188
\c@subsubsection=\count189
\c@paragraph=\count190
\c@subparagraph=\count191
\c@figure=\count192
\c@table=\count193
\abovecaptionskip=\skip48
\belowcaptionskip=\skip49
\bibindent=\dimen140
)
(C:\Users\vidi\AppData\Local\Programs\MiKTeX\tex/generic/babel\babel.sty
Package: babel 2023/05/11 v3.89 The Babel package
\babel@savecnt=\count194
\U@D=\dimen141
\l@unhyphenated=\language79

(C:\Users\vidi\AppData\Local\Programs\MiKTeX\tex/generic/babel\txtbabel.def)
\bbl@readstream=\read2
\bbl@dirlevel=\count195

*************************************
* Local config file bblopts.cfg used
*
(C:\Users\vidi\AppData\Local\Programs\MiKTeX\tex/latex/arabi\bblopts.cfg
File: bblopts.cfg 2005/09/08 v0.1 add Arabic and Farsi to "declared" options of
 babel
)
(C:\Users\vidi\AppData\Local\Programs\MiKTeX\tex/latex/babel-spanish\spanish.ld
f
Language: spanish.ldf 2021/05/27 v5.0q Spanish support from the babel system
\es@quottoks=\toks16
\es@quotdepth=\count196
Package babel Info: Making " an active character on input line 570.
Package babel Info: Making . an active character on input line 675.
Package babel Info: Making < an active character on input line 722.
Package babel Info: Making > an active character on input line 722.
))
(C:\Users\vidi\AppData\Local\Programs\MiKTeX\tex/generic/babel/locale/es\babel-
spanish.tex
Package babel Info: Importing font and identification data for spanish
(babel)             from babel-es.ini. Reported on input line 11.
)
(C:\Users\vidi\AppData\Local\Programs\MiKTeX\tex/latex/base\inputenc.sty
Package: inputenc 2021/02/14 v1.3d Input encoding file
\inpenc@prehook=\toks17
\inpenc@posthook=\toks18
)
(C:\Users\vidi\AppData\Local\Programs\MiKTeX\tex/latex/geometry\geometry.sty
Package: geometry 2020/01/02 v5.9 Page Geometry

(C:\Users\vidi\AppData\Local\Programs\MiKTeX\tex/latex/graphics\keyval.sty
Package: keyval 2022/05/29 v1.15 key=value parser (DPC)
\KV@toks@=\toks19
)
(C:\Users\vidi\AppData\Local\Programs\MiKTeX\tex/generic/iftex\ifvtex.sty
Package: ifvtex 2019/10/25 v1.7 ifvtex legacy package. Use iftex instead.

(C:\Users\vidi\AppData\Local\Programs\MiKTeX\tex/generic/iftex\iftex.sty
Package: iftex 2022/02/03 v1.0f TeX engine tests
))
\Gm@cnth=\count197
\Gm@cntv=\count198
\c@Gm@tempcnt=\count199
\Gm@bindingoffset=\dimen142
\Gm@wd@mp=\dimen143
\Gm@odd@mp=\dimen144
\Gm@even@mp=\dimen145
\Gm@layoutwidth=\dimen146
\Gm@layoutheight=\dimen147
\Gm@layouthoffset=\dimen148
\Gm@layoutvoffset=\dimen149
\Gm@dimlist=\toks20

(C:\Users\vidi\AppData\Local\Programs\MiKTeX\tex/latex/geometry\geometry.cfg))
(C:\Users\vidi\AppData\Local\Programs\MiKTeX\tex/latex/base\makeidx.sty
Package: makeidx 2021/10/04 v1.0m Standard LaTeX package
)
(C:\Users\vidi\AppData\Local\Programs\MiKTeX\tex/latex/url\url.sty
\Urlmuskip=\muskip16
Package: url 2013/09/16  ver 3.4  Verb mode for urls, etc.
)
(C:\Users\vidi\AppData\Local\Programs\MiKTeX\tex/latex/graphics\graphicx.sty
Package: graphicx 2021/09/16 v1.2d Enhanced LaTeX Graphics (DPC,SPQR)

(C:\Users\vidi\AppData\Local\Programs\MiKTeX\tex/latex/graphics\graphics.sty
Package: graphics 2022/03/10 v1.4e Standard LaTeX Graphics (DPC,SPQR)

(C:\Users\vidi\AppData\Local\Programs\MiKTeX\tex/latex/graphics\trig.sty
Package: trig 2021/08/11 v1.11 sin cos tan (DPC)
)
(C:\Users\vidi\AppData\Local\Programs\MiKTeX\tex/latex/graphics-cfg\graphics.cf
g
File: graphics.cfg 2016/06/04 v1.11 sample graphics configuration
)
Package graphics Info: Driver file: pdftex.def on input line 107.

(C:\Users\vidi\AppData\Local\Programs\MiKTeX\tex/latex/graphics-def\pdftex.def
File: pdftex.def 2022/09/22 v1.2b Graphics/color driver for pdftex
))
\Gin@req@height=\dimen150
\Gin@req@width=\dimen151
) (C:\Users\vidi\AppData\Local\Programs\MiKTeX\tex/latex/graphics\color.sty
Package: color 2022/01/06 v1.3d Standard LaTeX Color (DPC)

(C:\Users\vidi\AppData\Local\Programs\MiKTeX\tex/latex/graphics-cfg\color.cfg
File: color.cfg 2016/01/02 v1.6 sample color configuration
)
Package color Info: Driver file: pdftex.def on input line 149.

(C:\Users\vidi\AppData\Local\Programs\MiKTeX\tex/latex/graphics\mathcolor.ltx))
(C:\Users\vidi\AppData\Local\Programs\MiKTeX\tex/latex/caption\caption.sty
Package: caption 2023/03/12 v3.6j Customizing captions (AR)

(C:\Users\vidi\AppData\Local\Programs\MiKTeX\tex/latex/caption\caption3.sty
Package: caption3 2023/03/12 v2.4 caption3 kernel (AR)
\caption@tempdima=\dimen152
\captionmargin=\dimen153
\caption@leftmargin=\dimen154
\caption@rightmargin=\dimen155
\caption@width=\dimen156
\caption@indent=\dimen157
\caption@parindent=\dimen158
\caption@hangindent=\dimen159
Package caption Info: Standard document class detected.
)
\c@caption@flags=\count266
\c@continuedfloat=\count267
)
(C:\Users\vidi\AppData\Local\Programs\MiKTeX\tex/latex/acronym\acronym.sty
Package: acronym 2020/04/17 v1.47 Support for acronyms (Tobias Oetiker)

(C:\Users\vidi\AppData\Local\Programs\MiKTeX\tex/latex/bigfoot\suffix.sty
Package: suffix 2006/07/15 1.5a Variant command support
)
(C:\Users\vidi\AppData\Local\Programs\MiKTeX\tex/latex/xstring\xstring.sty
(C:\Users\vidi\AppData\Local\Programs\MiKTeX\tex/generic/xstring\xstring.tex
\integerpart=\count268
\decimalpart=\count269
)
Package: xstring 2023/01/14 v1.85 String manipulations (CT)
)
\AC@clearlist=\toks21
) (C:\Users\vidi\AppData\Local\Programs\MiKTeX\tex/latex/hyphenat\hyphenat.sty
Package: hyphenat 2009/09/02 v2.3c hyphenation utilities
\langwohyphens=\language80
LaTeX Info: Redefining \_ on input line 43.
)
(C:\Users\vidi\AppData\Local\Programs\MiKTeX\tex/latex/a4wide\a4wide.sty
Package: a4wide 1994/08/30

(C:\Users\vidi\AppData\Local\Programs\MiKTeX\tex/latex/ntgclass\a4.sty
Package: a4 2023/01/10 v1.2g A4 based page layout
))
(C:\Users\vidi\AppData\Local\Programs\MiKTeX\tex/latex/subfigure\subfigure.sty
Package: subfigure 2002/07/30 v2.1.4 subfigure package
\subfigtopskip=\skip50
\subfigcapskip=\skip51
\subfigcaptopadj=\dimen160
\subfigbottomskip=\skip52
\subfigcapmargin=\dimen161
\subfiglabelskip=\skip53
\c@subfigure=\count270
\c@lofdepth=\count271
\c@subtable=\count272
\c@lotdepth=\count273

****************************************
* Local config file subfigure.cfg used *
****************************************
(C:\Users\vidi\AppData\Local\Programs\MiKTeX\tex/latex/subfigure\subfigure.cfg)
\subfig@top=\skip54
\subfig@bottom=\skip55
) (C:\Users\vidi\AppData\Local\Programs\MiKTeX\tex/latex/float\float.sty
Package: float 2001/11/08 v1.3d Float enhancements (AL)
\c@float@type=\count274
\float@exts=\toks22
\float@box=\box51
\@float@everytoks=\toks23
\@floatcapt=\box52
)
(C:\Users\vidi\AppData\Local\Programs\MiKTeX\tex/latex/titlesec\titlesec.sty
Package: titlesec 2021/07/05 v2.14 Sectioning titles
\ttl@box=\box53
\beforetitleunit=\skip56
\aftertitleunit=\skip57
\ttl@plus=\dimen162
\ttl@minus=\dimen163
\ttl@toksa=\toks24
\titlewidth=\dimen164
\titlewidthlast=\dimen165
\titlewidthfirst=\dimen166
)
(C:\Users\vidi\AppData\Local\Programs\MiKTeX\tex/latex/fncychap\fncychap.sty
Package: fncychap 2007/07/30 v1.34 LaTeX package (Revised chapters)
\RW=\skip58
\mylen=\skip59
\myhi=\skip60
\px=\skip61
\py=\skip62
\pyy=\skip63
\pxx=\skip64
)
(C:/Users/vidi/Pictures/tfg-vperez/latex\listings.sty
\lst@mode=\count275
\lst@gtempboxa=\box54
\lst@token=\toks25
\lst@length=\count276
\lst@currlwidth=\dimen167
\lst@column=\count277
\lst@pos=\count278
\lst@lostspace=\dimen168
\lst@width=\dimen169
\lst@newlines=\count279
\lst@lineno=\count280
\lst@maxwidth=\dimen170

(C:/Users/vidi/Pictures/tfg-vperez/latex\lstmisc.sty
File: lstmisc.sty 2007/02/22 1.4 (Carsten Heinz)
\c@lstnumber=\count281
\lst@skipnumbers=\count282
\lst@framebox=\box55
)
(C:\Users\vidi\AppData\Local\Programs\MiKTeX\tex/latex/listings\listings.cfg
File: listings.cfg 2023/02/27 1.9 listings configuration
))
Package: listings 2007/02/22 1.4 (Carsten Heinz)

(C:\Users\vidi\AppData\Local\Programs\MiKTeX\tex/latex/eurosym\eurosym.sty
Package: eurosym 1998/08/06 v1.1 European currency symbol ``Euro''
\@eurobox=\box56
)
(C:\Users\vidi\AppData\Local\Programs\MiKTeX\tex/latex/hyperref\hyperref.sty
Package: hyperref 2023-04-22 v7.00x Hypertext links for LaTeX

(C:\Users\vidi\AppData\Local\Programs\MiKTeX\tex/generic/ltxcmds\ltxcmds.sty
Package: ltxcmds 2020-05-10 v1.25 LaTeX kernel commands for general use (HO)
)
(C:\Users\vidi\AppData\Local\Programs\MiKTeX\tex/generic/pdftexcmds\pdftexcmds.
sty
Package: pdftexcmds 2020-06-27 v0.33 Utility functions of pdfTeX for LuaTeX (HO
)

(C:\Users\vidi\AppData\Local\Programs\MiKTeX\tex/generic/infwarerr\infwarerr.st
y
Package: infwarerr 2019/12/03 v1.5 Providing info/warning/error messages (HO)
)
Package pdftexcmds Info: \pdf@primitive is available.
Package pdftexcmds Info: \pdf@ifprimitive is available.
Package pdftexcmds Info: \pdfdraftmode found.
)
(C:\Users\vidi\AppData\Local\Programs\MiKTeX\tex/latex/kvsetkeys\kvsetkeys.sty
Package: kvsetkeys 2022-10-05 v1.19 Key value parser (HO)
)
(C:\Users\vidi\AppData\Local\Programs\MiKTeX\tex/generic/kvdefinekeys\kvdefinek
eys.sty
Package: kvdefinekeys 2019-12-19 v1.6 Define keys (HO)
)
(C:\Users\vidi\AppData\Local\Programs\MiKTeX\tex/generic/pdfescape\pdfescape.st
y
Package: pdfescape 2019/12/09 v1.15 Implements pdfTeX's escape features (HO)
) (C:\Users\vidi\AppData\Local\Programs\MiKTeX\tex/latex/hycolor\hycolor.sty
Package: hycolor 2020-01-27 v1.10 Color options for hyperref/bookmark (HO)
)
(C:\Users\vidi\AppData\Local\Programs\MiKTeX\tex/latex/letltxmacro\letltxmacro.
sty
Package: letltxmacro 2019/12/03 v1.6 Let assignment for LaTeX macros (HO)
) (C:\Users\vidi\AppData\Local\Programs\MiKTeX\tex/latex/auxhook\auxhook.sty
Package: auxhook 2019-12-17 v1.6 Hooks for auxiliary files (HO)
) (C:\Users\vidi\AppData\Local\Programs\MiKTeX\tex/latex/hyperref\nameref.sty
Package: nameref 2022-05-17 v2.50 Cross-referencing by name of section

(C:\Users\vidi\AppData\Local\Programs\MiKTeX\tex/latex/refcount\refcount.sty
Package: refcount 2019/12/15 v3.6 Data extraction from label references (HO)
)
(C:\Users\vidi\AppData\Local\Programs\MiKTeX\tex/generic/gettitlestring\gettitl
estring.sty
Package: gettitlestring 2019/12/15 v1.6 Cleanup title references (HO)

(C:\Users\vidi\AppData\Local\Programs\MiKTeX\tex/latex/kvoptions\kvoptions.sty
Package: kvoptions 2022-06-15 v3.15 Key value format for package options (HO)
))
\c@section@level=\count283
) (C:\Users\vidi\AppData\Local\Programs\MiKTeX\tex/latex/etoolbox\etoolbox.sty
Package: etoolbox 2020/10/05 v2.5k e-TeX tools for LaTeX (JAW)
\etb@tempcnta=\count284
)
\@linkdim=\dimen171
\Hy@linkcounter=\count285
\Hy@pagecounter=\count286
 (C:\Users\vidi\AppData\Local\Programs\MiKTeX\tex/latex/hyperref\pd1enc.def
File: pd1enc.def 2023-04-22 v7.00x Hyperref: PDFDocEncoding definition (HO)
Now handling font encoding PD1 ...
... no UTF-8 mapping file for font encoding PD1
)
(C:\Users\vidi\AppData\Local\Programs\MiKTeX\tex/generic/intcalc\intcalc.sty
Package: intcalc 2019/12/15 v1.3 Expandable calculations with integers (HO)
)
\Hy@SavedSpaceFactor=\count287

(C:\Users\vidi\AppData\Local\Programs\MiKTeX\tex/latex/hyperref\puenc.def
File: puenc.def 2023-04-22 v7.00x Hyperref: PDF Unicode definition (HO)
Now handling font encoding PU ...
... no UTF-8 mapping file for font encoding PU
)
Package hyperref Info: Hyper figures OFF on input line 4182.
Package hyperref Info: Link nesting OFF on input line 4187.
Package hyperref Info: Hyper index ON on input line 4190.
Package hyperref Info: Plain pages OFF on input line 4197.
Package hyperref Info: Backreferencing OFF on input line 4202.
Package hyperref Info: Implicit mode ON; LaTeX internals redefined.
Package hyperref Info: Bookmarks ON on input line 4449.
\c@Hy@tempcnt=\count288
LaTeX Info: Redefining \url on input line 4787.
\XeTeXLinkMargin=\dimen172

(C:\Users\vidi\AppData\Local\Programs\MiKTeX\tex/generic/bitset\bitset.sty
Package: bitset 2019/12/09 v1.3 Handle bit-vector datatype (HO)

(C:\Users\vidi\AppData\Local\Programs\MiKTeX\tex/generic/bigintcalc\bigintcalc.
sty
Package: bigintcalc 2019/12/15 v1.5 Expandable calculations on big integers (HO
)
))
\Fld@menulength=\count289
\Field@Width=\dimen173
\Fld@charsize=\dimen174
Package hyperref Info: Hyper figures OFF on input line 6066.
Package hyperref Info: Link nesting OFF on input line 6071.
Package hyperref Info: Hyper index ON on input line 6074.
Package hyperref Info: backreferencing OFF on input line 6081.
Package hyperref Info: Link coloring OFF on input line 6086.
Package hyperref Info: Link coloring with OCG OFF on input line 6091.
Package hyperref Info: PDF/A mode OFF on input line 6096.

(C:\Users\vidi\AppData\Local\Programs\MiKTeX\tex/latex/base\atbegshi-ltx.sty
Package: atbegshi-ltx 2021/01/10 v1.0c Emulation of the original atbegshi
package with kernel methods
)
\Hy@abspage=\count290
\c@Item=\count291
\c@Hfootnote=\count292
)
Package hyperref Info: Driver (autodetected): hpdftex.

(C:\Users\vidi\AppData\Local\Programs\MiKTeX\tex/latex/hyperref\hpdftex.def
File: hpdftex.def 2023-04-22 v7.00x Hyperref driver for pdfTeX

(C:\Users\vidi\AppData\Local\Programs\MiKTeX\tex/latex/base\atveryend-ltx.sty
Package: atveryend-ltx 2020/08/19 v1.0a Emulation of the original atveryend pac
kage
with kernel methods
)
\Fld@listcount=\count293
\c@bookmark@seq@number=\count294

(C:\Users\vidi\AppData\Local\Programs\MiKTeX\tex/latex/rerunfilecheck\rerunfile
check.sty
Package: rerunfilecheck 2022-07-10 v1.10 Rerun checks for auxiliary files (HO)

(C:\Users\vidi\AppData\Local\Programs\MiKTeX\tex/generic/uniquecounter\uniqueco
unter.sty
Package: uniquecounter 2019/12/15 v1.4 Provide unlimited unique counter (HO)
)
Package uniquecounter Info: New unique counter `rerunfilecheck' on input line 2
85.
)
\Hy@SectionHShift=\skip65
)
(C:\Users\vidi\AppData\Local\Programs\MiKTeX\tex/latex/tools\xspace.sty
Package: xspace 2014/10/28 v1.13 Space after command names (DPC,MH)
)
(C:\Users\vidi\AppData\Local\Programs\MiKTeX\tex/latex/caption\subcaption.sty
Package: subcaption 2023/02/19 v1.6 Sub-captions (AR)
LaTeX Info: Redefining \subref on input line 191.
Package subcaption Info: The counter `subfigure' was already defined by
(subcaption)             an unknown document class or package on input line 239
.
Package subcaption Info: The counter `subtable' was already defined by
(subcaption)             an unknown document class or package on input line 239
.
)
(C:\Users\vidi\AppData\Local\Programs\MiKTeX\tex/latex/amsfonts\amssymb.sty
Package: amssymb 2013/01/14 v3.01 AMS font symbols

(C:\Users\vidi\AppData\Local\Programs\MiKTeX\tex/latex/amsfonts\amsfonts.sty
Package: amsfonts 2013/01/14 v3.01 Basic AMSFonts support
\@emptytoks=\toks26
\symAMSa=\mathgroup4
\symAMSb=\mathgroup5
LaTeX Font Info:    Redeclaring math symbol \hbar on input line 98.
LaTeX Font Info:    Overwriting math alphabet `\mathfrak' in version `bold'
(Font)                  U/euf/m/n --> U/euf/b/n on input line 106.
))
(C:\Users\vidi\AppData\Local\Programs\MiKTeX\tex/latex/listings\lstlang1.sty
File: lstlang1.sty 2023/02/27 1.9 listings language file
)
(C:/Users/vidi/Pictures/tfg-vperez/latex\lstmisc.sty
File: lstmisc.sty 2007/02/22 1.4 (Carsten Heinz)
)
(C:\Users\vidi\AppData\Local\Programs\MiKTeX\tex/latex/listings\lstlang1.sty
File: lstlang1.sty 2023/02/27 1.9 listings language file
)
(C:\Users\vidi\AppData\Local\Programs\MiKTeX\tex/latex/listings\lstlang1.sty
File: lstlang1.sty 2023/02/27 1.9 listings language file
)
Package caption Info: Option `declare type' requires the `newfloat' package on 
input line 100.

(C:\Users\vidi\AppData\Local\Programs\MiKTeX\tex/latex/newfloat\newfloat.sty
Package: newfloat 2019/09/02 v1.1l Defining new floating environments (AR)
Package newfloat Info: Unsupported document class, or \@chapter 
(newfloat)             was already redefined by another package.
Package newfloat Info: \@chapter = macro:->\def \Hy@next {\Hy@MakeCurrentHrefAu
to {\Hy@chapapp *}\Hy@raisedlink {\hyper@anchorstart {\@currentHref }\hyper@anc
horend }}\ifnum \c@secnumdepth >\m@ne \ltx@IfUndefined {if@mainmatter}\iftrue {
\csname if@mainmatter\endcsname }\let \Hy@next \relax \fi \fi \Hy@next \Hy@org@
chapter .
Package newfloat Info: \Hy@org@chapter = macro:[#1]#2->\NR@gettitle {#1}\NR@cha
pter [{#1}]{#2}.
)
Package newfloat Info: New float `code' with options `' on input line 100.
\c@code=\count295
Package newfloat Info: float type `code'=4 on input line 100.
\c@locodedepth=\count296
Package caption Info: New subtype `subcode' on input line 100.
\c@subcode=\count297
Package newfloat Info: New float `myequation' with options `' on input line 101
.
\c@myequation=\count298
Package newfloat Info: float type `myequation'=8 on input line 101.
\c@lomyequationdepth=\count299
Package caption Info: New subtype `submyequation' on input line 101.
\c@submyequation=\count300
)
\@indexfile=\write3
\openout3 = `memoria.idx'.


Writing index file memoria.idx

(C:\Users\vidi\AppData\Local\Programs\MiKTeX\tex/latex/l3backend\l3backend-pdft
ex.def
File: l3backend-pdftex.def 2023-04-19 L3 backend support: PDF output (pdfTeX)
\l__color_backend_stack_int=\count301
\l__pdf_internal_box=\box57
)
No file memoria.aux.
\openout1 = `memoria.aux'.

LaTeX Font Info:    Checking defaults for OML/cmm/m/it on input line 5.
LaTeX Font Info:    ... okay on input line 5.
LaTeX Font Info:    Checking defaults for OMS/cmsy/m/n on input line 5.
LaTeX Font Info:    ... okay on input line 5.
LaTeX Font Info:    Checking defaults for OT1/cmr/m/n on input line 5.
LaTeX Font Info:    ... okay on input line 5.
LaTeX Font Info:    Checking defaults for T1/cmr/m/n on input line 5.
LaTeX Font Info:    ... okay on input line 5.
LaTeX Font Info:    Checking defaults for TS1/cmr/m/n on input line 5.
LaTeX Font Info:    ... okay on input line 5.
LaTeX Font Info:    Checking defaults for OMX/cmex/m/n on input line 5.
LaTeX Font Info:    ... okay on input line 5.
LaTeX Font Info:    Checking defaults for U/cmr/m/n on input line 5.
LaTeX Font Info:    ... okay on input line 5.
LaTeX Font Info:    Checking defaults for PD1/pdf/m/n on input line 5.
LaTeX Font Info:    ... okay on input line 5.
LaTeX Font Info:    Checking defaults for PU/pdf/m/n on input line 5.
LaTeX Font Info:    ... okay on input line 5.
LaTeX Info: Redefining \. on input line 5.
LaTeX Info: Redefining \% on input line 5.
*geometry* driver: auto-detecting
*geometry* detected driver: pdftex
*geometry* verbose mode - [ preamble ] result:
* driver: pdftex
* paper: a4paper
* layout: <same size as paper>
* layoutoffset:(h,v)=(0.0pt,0.0pt)
* modes: 
* h-part:(L,W,R)=(99.58464pt, 441.01773pt, 56.9055pt)
* v-part:(T,H,B)=(85.35826pt, 702.78308pt, 56.9055pt)
* \paperwidth=597.50787pt
* \paperheight=845.04684pt
* \textwidth=441.01773pt
* \textheight=702.78308pt
* \oddsidemargin=27.31465pt
* \evensidemargin=27.31465pt
* \topmargin=-41.59085pt
* \headheight=12.0pt
* \headsep=42.67912pt
* \topskip=12.0pt
* \footskip=30.0pt
* \marginparwidth=54.2025pt
* \marginparsep=7.0pt
* \columnsep=10.0pt
* \skip\footins=10.8pt plus 4.0pt minus 2.0pt
* \hoffset=0.0pt
* \voffset=0.0pt
* \mag=1000
* \@twocolumnfalse
* \@twosidefalse
* \@mparswitchfalse
* \@reversemarginfalse
* (1in=72.27pt=25.4mm, 1cm=28.453pt)


(C:\Users\vidi\AppData\Local\Programs\MiKTeX\tex/context/base/mkii\supp-pdf.mki
i
[Loading MPS to PDF converter (version 2006.09.02).]
\scratchcounter=\count302
\scratchdimen=\dimen175
\scratchbox=\box58
\nofMPsegments=\count303
\nofMParguments=\count304
\everyMPshowfont=\toks27
\MPscratchCnt=\count305
\MPscratchDim=\dimen176
\MPnumerator=\count306
\makeMPintoPDFobject=\count307
\everyMPtoPDFconversion=\toks28
)
(C:\Users\vidi\AppData\Local\Programs\MiKTeX\tex/latex/epstopdf-pkg\epstopdf-ba
se.sty
Package: epstopdf-base 2020-01-24 v2.11 Base part for package epstopdf
Package epstopdf-base Info: Redefining graphics rule for `.eps' on input line 4
85.

(C:\Users\vidi\AppData\Local\Programs\MiKTeX\tex/latex/00miktex\epstopdf-sys.cf
g
File: epstopdf-sys.cfg 2021/03/18 v2.0 Configuration of epstopdf for MiKTeX
))
Package caption Info: Begin \AtBeginDocument code.
Package caption Info: float package is loaded.
Package caption Info: hyperref package is loaded.
Package caption Info: listings package is loaded.
Package caption Info: subfigure package is loaded.
Package caption Info: End \AtBeginDocument code.
\c@lstlisting=\count308
Package hyperref Info: Link coloring OFF on input line 5.
\@outlinefile=\write4
\openout4 = `memoria.out'.

Package newfloat Info: Trying Plan B...
Package newfloat Info: `float' package detected.
 (C:/Users/vidi/Pictures/tfg-vperez/latex\portada/indice.tex
(C:/Users/vidi/Pictures/tfg-vperez/latex\portada/portada.tex
<figs/logo_urjc.jpg, id=3, 525.965pt x 210.7875pt>
File: figs/logo_urjc.jpg Graphic file (type jpg)
<use figs/logo_urjc.jpg>
Package pdftex.def Info: figs/logo_urjc.jpg  used on input line 5.
(pdftex.def)             Requested size: 525.9637pt x 210.78699pt.
 [1


{C:/Users/vidi/AppData/Local/MiKTeX/fonts/map/pdftex/pdftex.map} <C:/Users/vidi
/Pictures/tfg-vperez/latex/figs/logo_urjc.jpg>])
(C:/Users/vidi/Pictures/tfg-vperez/latex\portada/licencia.tex
<figs/by-nc-sa.png, id=13, 97.0827pt x 33.9669pt>
File: figs/by-nc-sa.png Graphic file (type png)
<use figs/by-nc-sa.png>
Package pdftex.def Info: figs/by-nc-sa.png  used on input line 8.
(pdftex.def)             Requested size: 110.25443pt x 38.57701pt.
)
(C:/Users/vidi/Pictures/tfg-vperez/latex\portada/agradecimientos.tex [2


 <C:/Users/vidi/Pictures/tfg-vperez/latex/figs/by-nc-sa.png>]
Underfull \hbox (badness 10000) in paragraph at lines 5--6

 []


Underfull \hbox (badness 10000) in paragraph at lines 7--8

 []


Underfull \hbox (badness 10000) in paragraph at lines 9--10

 []


Underfull \hbox (badness 10000) in paragraph at lines 11--12

 []


Underfull \hbox (badness 10000) in paragraph at lines 13--15

 []

) (C:/Users/vidi/Pictures/tfg-vperez/latex\portada/resumen.tex [3


]
Underfull \hbox (badness 10000) in paragraph at lines 5--6

 []


Underfull \hbox (badness 10000) in paragraph at lines 7--8

 []


Underfull \hbox (badness 10000) in paragraph at lines 9--10

 []

) (C:/Users/vidi/Pictures/tfg-vperez/latex\portada/acronimos.tex [4


]

LaTeX Warning: Hyper reference `acro:ADN' on page \es@scroman {v} undefined on 
input line 7.


LaTeX Warning: Hyper reference `acro:ADN' on page \es@scroman {v} undefined on 
input line 7.


LaTeX Warning: Hyper reference `acro:DOF' on page \es@scroman {v} undefined on 
input line 8.


LaTeX Warning: Hyper reference `acro:DOF' on page \es@scroman {v} undefined on 
input line 8.


LaTeX Warning: Hyper reference `acro:STEM' on page \es@scroman {v} undefined on
 input line 9.


LaTeX Warning: Hyper reference `acro:STEM' on page \es@scroman {v} undefined on
 input line 9.


LaTeX Warning: Hyper reference `acro:DIY' on page \es@scroman {v} undefined on 
input line 10.


LaTeX Warning: Hyper reference `acro:DIY' on page \es@scroman {v} undefined on 
input line 10.


LaTeX Warning: Hyper reference `acro:CAD' on page \es@scroman {v} undefined on 
input line 11.


LaTeX Warning: Hyper reference `acro:CAD' on page \es@scroman {v} undefined on 
input line 11.


LaTeX Warning: Hyper reference `acro:FDM' on page \es@scroman {v} undefined on 
input line 12.


LaTeX Warning: Hyper reference `acro:FDM' on page \es@scroman {v} undefined on 
input line 12.


LaTeX Warning: Hyper reference `acro:ROS' on page \es@scroman {v} undefined on 
input line 13.


LaTeX Warning: Hyper reference `acro:ROS' on page \es@scroman {v} undefined on 
input line 13.


LaTeX Warning: Hyper reference `acro:CNC' on page \es@scroman {v} undefined on 
input line 14.


LaTeX Warning: Hyper reference `acro:CNC' on page \es@scroman {v} undefined on 
input line 14.


LaTeX Warning: Hyper reference `acro:CC' on page \es@scroman {v} undefined on i
nput line 15.


LaTeX Warning: Hyper reference `acro:CC' on page \es@scroman {v} undefined on i
nput line 15.


LaTeX Warning: Hyper reference `acro:PWM' on page \es@scroman {v} undefined on 
input line 16.


LaTeX Warning: Hyper reference `acro:PWM' on page \es@scroman {v} undefined on 
input line 16.


LaTeX Warning: Hyper reference `acro:DDS' on page \es@scroman {v} undefined on 
input line 17.


LaTeX Warning: Hyper reference `acro:DDS' on page \es@scroman {v} undefined on 
input line 17.


LaTeX Warning: Hyper reference `acro:CAM' on page \es@scroman {v} undefined on 
input line 18.


LaTeX Warning: Hyper reference `acro:CAM' on page \es@scroman {v} undefined on 
input line 18.


LaTeX Warning: Hyper reference `acro:SCARA' on page \es@scroman {v} undefined o
n input line 19.


LaTeX Warning: Hyper reference `acro:SCARA' on page \es@scroman {v} undefined o
n input line 19.

) [5


]
No file memoria.toc.
\tf@toc=\write5
\openout5 = `memoria.toc'.

[6


]
No file memoria.lof.
\tf@lof=\write6
\openout6 = `memoria.lof'.

[7

]
No file memoria.locode.
\tf@locode=\write7
\openout7 = `memoria.locode'.

[8

]
No file memoria.lomyequation.
\tf@lomyequation=\write8
\openout8 = `memoria.lomyequation'.

[9

]
No file memoria.lot.
\tf@lot=\write9
\openout9 = `memoria.lot'.

[10

]) (C:/Users/vidi/Pictures/tfg-vperez/latex\capitulos/capitulo1.tex
Cap\'{\i }tulo 1.
Package newfloat Info: Setting Plan B file extension to `lof'... on input line 
1.

Underfull \hbox (badness 10000) in paragraph at lines 7--8

 []

LaTeX Font Info:    Trying to load font information for U+msa on input line 8.
(C:\Users\vidi\AppData\Local\Programs\MiKTeX\tex/latex/amsfonts\umsa.fd
File: umsa.fd 2013/01/14 v3.01 AMS symbols A
)
LaTeX Font Info:    Trying to load font information for U+msb on input line 8.

(C:\Users\vidi\AppData\Local\Programs\MiKTeX\tex/latex/amsfonts\umsb.fd
File: umsb.fd 2013/01/14 v3.01 AMS symbols B
)
[1



]
<figs/industrial_robot.jpg, id=85, 1233.408pt x 925.056pt>
File: figs/industrial_robot.jpg Graphic file (type jpg)
<use figs/industrial_robot.jpg>
Package pdftex.def Info: figs/industrial_robot.jpg  used on input line 42.
(pdftex.def)             Requested size: 227.62204pt x 170.70921pt.

Underfull \hbox (badness 4531) in paragraph at lines 38--47
[]\OT1/cmr/m/it/12 Automatizaci^^Son de l^^S^^Pneas de ensamblaje. \OT1/cmr/m/n
/12 Esta tecnolog^^S^^Pa se encuentra
 []

<figs/solder_robot.jpg, id=86, 241.1409pt x 173.448pt>
File: figs/solder_robot.jpg Graphic file (type jpg)
<use figs/solder_robot.jpg>
Package pdftex.def Info: figs/solder_robot.jpg  used on input line 52.
(pdftex.def)             Requested size: 227.62204pt x 163.73189pt.
LaTeX Info: Redefining \. on input line 57.
LaTeX Info: Redefining \% on input line 57.
[2 <C:/Users/vidi/Pictures/tfg-vperez/latex/figs/industrial_robot.jpg> <C:/User
s/vidi/Pictures/tfg-vperez/latex/figs/solder_robot.jpg>]
Package acronym Info: Label `acro:ADN' newly defined as it shall be overridden
although it is yet undefined on input line 61.


Package acronym Warning: Acronym `ADN' is not defined on input line 61.


Package acronym Warning: Acronym `ADN' is not defined on input line 61.

<figs/lab_robot.jpg, id=94, 2055.68pt x 1376.14125pt>
File: figs/lab_robot.jpg Graphic file (type jpg)
<use figs/lab_robot.jpg>
Package pdftex.def Info: figs/lab_robot.jpg  used on input line 67.
(pdftex.def)             Requested size: 227.62204pt x 152.36292pt.
Package acronym Info: Label `acro:STEM' newly defined as it shall be overridden

although it is yet undefined on input line 83.

Package acronym Warning: Acronym `STEM' is not defined on input line 83.


Package acronym Warning: Acronym `STEM' is not defined on input line 83.

<figs/education_robot.jpg, id=95, 674.52pt x 449.7603pt>
File: figs/education_robot.jpg Graphic file (type jpg)
<use figs/education_robot.jpg>
Package pdftex.def Info: figs/education_robot.jpg  used on input line 88.
(pdftex.def)             Requested size: 227.62204pt x 151.77039pt.

LaTeX Warning: `!h' float specifier changed to `!ht'.

LaTeX Info: Redefining \. on input line 93.
LaTeX Info: Redefining \% on input line 93.
[3 <C:/Users/vidi/Pictures/tfg-vperez/latex/figs/lab_robot.jpg>]
<figs/turtlebot.jpg, id=106, 1852.9225pt x 2549.525pt>
File: figs/turtlebot.jpg Graphic file (type jpg)
<use figs/turtlebot.jpg>
Package pdftex.def Info: figs/turtlebot.jpg  used on input line 102.
(pdftex.def)             Requested size: 113.81102pt x 156.58284pt.
LaTeX Info: Redefining \. on input line 107.
LaTeX Info: Redefining \% on input line 107.
 [4 <C:/Users/vidi/Pictures/tfg-vperez/latex/figs/education_robot.jpg> <C:/User
s/vidi/Pictures/tfg-vperez/latex/figs/turtlebot.jpg>]
Package acronym Info: Label `acro:DIY' newly defined as it shall be overridden
although it is yet undefined on input line 127.


Package acronym Warning: Acronym `DIY' is not defined on input line 127.


Package acronym Warning: Acronym `DIY' is not defined on input line 127.


Package acronym Warning: Acronym `DIY' is not defined on input line 131.

<figs/icebot.png, id=114, 694.595pt x 629.35126pt>
File: figs/icebot.png Graphic file (type png)
<use figs/icebot.png>
Package pdftex.def Info: figs/icebot.png  used on input line 138.
(pdftex.def)             Requested size: 227.62204pt x 206.23648pt.

LaTeX Warning: `!h' float specifier changed to `!ht'.

LaTeX Info: Redefining \. on input line 143.
LaTeX Info: Redefining \% on input line 143.
[5]) (C:/Users/vidi/Pictures/tfg-vperez/latex\capitulos/capitulo2.tex
LaTeX Info: Redefining \. on input line 1.
LaTeX Info: Redefining \% on input line 1.
 [6 <C:/Users/vidi/Pictures/tfg-vperez/latex/figs/icebot.png>]
Cap\'{\i }tulo 2.

LaTeX Warning: Citation `KRIMPENIS2020103' on page 7 undefined on input line 8.


Package acronym Info: Label `acro:DOF' newly defined as it shall be overridden
although it is yet undefined on input line 9.

Package acronym Warning: Acronym `DOF' is not defined on input line 9.


Package acronym Warning: Acronym `DOF' is not defined on input line 9.


LaTeX Warning: Citation `PAPAPASCHOS2020109' on page 7 undefined on input line 
11.

Package acronym Info: Label `acro:ROS' newly defined as it shall be overridden
although it is yet undefined on input line 24.

Package acronym Warning: Acronym `ROS' is not defined on input line 24.


Package acronym Warning: Acronym `ROS' is not defined on input line 24.


LaTeX Warning: Reference `subsec:ros2' on page 7 undefined on input line 24.

[7

]
<figs/Hydra.png, id=140, 1718.42pt x 1780.6525pt>
File: figs/Hydra.png Graphic file (type png)
<use figs/Hydra.png>
Package pdftex.def Info: figs/Hydra.png  used on input line 33.
(pdftex.def)             Requested size: 170.71652pt x 176.88017pt.


LaTeX Warning: Citation `adediran2023uiarm' on page 8 undefined on input line 3
8.


Package acronym Warning: Acronym `DOF' is not defined on input line 40.


LaTeX Warning: Reference `subsec:freecad' on page 8 undefined on input line 43.



LaTeX Warning: Citation `KRIMPENIS2020103' on page 8 undefined on input line 44
.

LaTeX Info: Redefining \. on input line 47.
LaTeX Info: Redefining \% on input line 47.
[8 <C:/Users/vidi/Pictures/tfg-vperez/latex/figs/Hydra.png>]

Package acronym Warning: Acronym `ROS' is not defined on input line 56.

<figs/uiarm.png, id=150, 1543.7675pt x 1152.305pt>
File: figs/uiarm.png Graphic file (type png)
<use figs/uiarm.png>
Package pdftex.def Info: figs/uiarm.png  used on input line 61.
(pdftex.def)             Requested size: 227.62204pt x 169.90198pt.
LaTeX Info: Redefining \. on input line 66.
LaTeX Info: Redefining \% on input line 66.
[9 <C:/Users/vidi/Pictures/tfg-vperez/latex/figs/uiarm.png>]
<figs/mearm.jpg, id=160, 702.625pt x 702.625pt>
File: figs/mearm.jpg Graphic file (type jpg)
<use figs/mearm.jpg>
Package pdftex.def Info: figs/mearm.jpg  used on input line 78.
(pdftex.def)             Requested size: 132.30666pt x 132.29936pt.
<figs/eezy.jpg, id=161, 630.355pt x 473.77pt>
File: figs/eezy.jpg Graphic file (type jpg)
<use figs/eezy.jpg>
Package pdftex.def Info: figs/eezy.jpg  used on input line 80.
(pdftex.def)             Requested size: 132.30666pt x 99.4368pt.
LaTeX Info: Redefining \. on input line 83.
LaTeX Info: Redefining \% on input line 83.
 [10 <C:/Users/vidi/Pictures/tfg-vperez/latex/figs/mearm.jpg> <C:/Users/vidi/Pi
ctures/tfg-vperez/latex/figs/eezy.jpg>])
(C:/Users/vidi/Pictures/tfg-vperez/latex\capitulos/capitulo3.tex
LaTeX Info: Redefining \. on input line 1.
LaTeX Info: Redefining \% on input line 1.
 [11]
Cap\'{\i }tulo 3.

Underfull \hbox (badness 10000) in paragraph at lines 6--7

 []

[12

]
Underfull \hbox (badness 1005) in paragraph at lines 38--43
[]\OT1/cmr/m/n/12 Realizar una investigaci^^Son exhaustiva sobre los componente
s de hardware
 []

Package acronym Info: Label `acro:CAD' newly defined as it shall be overridden
although it is yet undefined on input line 44.

Package acronym Warning: Acronym `CAD' is not defined on input line 44.


Package acronym Warning: Acronym `CAD' is not defined on input line 44.


LaTeX Warning: Reference `subsec:freecad' on page 13 undefined on input line 44
.


Package acronym Warning: Acronym `FDM' is not defined on input line 45.


Package acronym Warning: Acronym `ROS' is not defined on input line 49.

LaTeX Info: Redefining \. on input line 64.
LaTeX Info: Redefining \% on input line 64.
[13]

Package acronym Warning: Acronym `ROS' is not defined on input line 66.

) (C:/Users/vidi/Pictures/tfg-vperez/latex\capitulos/capitulo4.tex
LaTeX Info: Redefining \. on input line 1.
LaTeX Info: Redefining \% on input line 1.
 [14]
Cap\'{\i }tulo 4.

Underfull \hbox (badness 10000) in paragraph at lines 6--7

 []

[15

]

Package acronym Warning: Acronym `CNC' is not defined on input line 36.


Package acronym Warning: Acronym `CNC' is not defined on input line 37.

<figs/grbl.png, id=224, 385.44pt x 288.3272pt>
File: figs/grbl.png Graphic file (type png)
<use figs/grbl.png>
Package pdftex.def Info: figs/grbl.png  used on input line 44.
(pdftex.def)             Requested size: 113.81102pt x 85.13496pt.
Package acronym Info: Label `acro:CNC' newly defined as it shall be overridden
although it is yet undefined on input line 51.

Package acronym Warning: Acronym `CNC' is not defined on input line 51.


Package acronym Warning: Acronym `CNC' is not defined on input line 51.

Package acronym Info: Label `acro:CAM' newly defined as it shall be overridden
although it is yet undefined on input line 52.

Package acronym Warning: Acronym `CAM' is not defined on input line 52.


Package acronym Warning: Acronym `CAM' is not defined on input line 52.

LaTeX Info: Redefining \. on input line 57.
LaTeX Info: Redefining \% on input line 57.
[16 <C:/Users/vidi/Pictures/tfg-vperez/latex/figs/grbl.png>]
<figs/freecad.png, id=238, 196.38586pt x 54.98804pt>
File: figs/freecad.png Graphic file (type png)
<use figs/freecad.png>
Package pdftex.def Info: figs/freecad.png  used on input line 85.
(pdftex.def)             Requested size: 113.81102pt x 31.86705pt.


LaTeX Warning: `!h' float specifier changed to `!ht'.

LaTeX Info: Redefining \. on input line 102.
LaTeX Info: Redefining \% on input line 102.
[17]
Package acronym Info: Label `acro:DDS' newly defined as it shall be overridden
although it is yet undefined on input line 109.


Package acronym Warning: Acronym `DDS' is not defined on input line 109.


Package acronym Warning: Acronym `DDS' is not defined on input line 109.

<figs/ros2logo.jpeg, id=246, 945.5325pt x 1180.41pt>
File: figs/ros2logo.jpeg Graphic file (type jpg)
<use figs/ros2logo.jpeg>
Package pdftex.def Info: figs/ros2logo.jpeg  used on input line 114.
(pdftex.def)             Requested size: 113.81102pt x 142.07536pt.

LaTeX Warning: `!h' float specifier changed to `!ht'.

<figs/moveit_intro.png, id=247, 1216.545pt x 662.475pt>
File: figs/moveit_intro.png Graphic file (type png)
<use figs/moveit_intro.png>
Package pdftex.def Info: figs/moveit_intro.png  used on input line 131.
(pdftex.def)             Requested size: 341.43306pt x 185.9264pt.
LaTeX Info: Redefining \. on input line 136.
LaTeX Info: Redefining \% on input line 136.
[18 <C:/Users/vidi/Pictures/tfg-vperez/latex/figs/freecad.png>]

LaTeX Warning: Reference `subsec:grbl' on page 19 undefined on input line 150.


LaTeX Warning: Reference `subsec:grbl' on page 19 undefined on input line 150.

Package acronym Info: Label `acro:CC' newly defined as it shall be overridden
although it is yet undefined on input line 151.

Package acronym Warning: Acronym `CC' is not defined on input line 151.


Package acronym Warning: Acronym `CC' is not defined on input line 151.

Package acronym Info: Label `acro:PWM' newly defined as it shall be overridden
although it is yet undefined on input line 151.

Package acronym Warning: Acronym `PWM' is not defined on input line 151.


Package acronym Warning: Acronym `PWM' is not defined on input line 151.

<figs/MKS.png, id=258, 700.86844pt x 562.35094pt>
File: figs/MKS.png Graphic file (type png)
<use figs/MKS.png>
Package pdftex.def Info: figs/MKS.png  used on input line 155.
(pdftex.def)             Requested size: 284.52756pt x 228.30005pt.
LaTeX Info: Redefining \. on input line 160.
LaTeX Info: Redefining \% on input line 160.
[19 <C:/Users/vidi/Pictures/tfg-vperez/latex/figs/ros2logo.jpeg> <C:/Users/vidi
/Pictures/tfg-vperez/latex/figs/moveit_intro.png>]
<figs/nema17.jpg, id=267, 1003.75pt x 1003.75pt>
File: figs/nema17.jpg Graphic file (type jpg)
<use figs/nema17.jpg>
Package pdftex.def Info: figs/nema17.jpg  used on input line 173.
(pdftex.def)             Requested size: 227.62204pt x 227.61066pt.
LaTeX Info: Redefining \. on input line 178.
LaTeX Info: Redefining \% on input line 178.
 [20 <C:/Users/vidi/Pictures/tfg-vperez/latex/figs/MKS.png>]
LaTeX Info: Redefining \. on input line 201.
LaTeX Info: Redefining \% on input line 201.
 [21 <C:/Users/vidi/Pictures/tfg-vperez/latex/figs/nema17.jpg>]
<figs/TMC2209.jpg, id=285, 917.4275pt x 692.5875pt>
File: figs/TMC2209.jpg Graphic file (type jpg)
<use figs/TMC2209.jpg>
Package pdftex.def Info: figs/TMC2209.jpg  used on input line 213.
(pdftex.def)             Requested size: 170.71652pt x 128.877pt.
LaTeX Info: Redefining \. on input line 238.
LaTeX Info: Redefining \% on input line 238.
 [22 <C:/Users/vidi/Pictures/tfg-vperez/latex/figs/TMC2209.jpg>]
LaTeX Info: Redefining \. on input line 239.
LaTeX Info: Redefining \% on input line 239.
[23]
<figs/pw24v.jpg, id=298, 1371.1225pt x 1195.46625pt>
File: figs/pw24v.jpg Graphic file (type jpg)
<use figs/pw24v.jpg>
Package pdftex.def Info: figs/pw24v.jpg  used on input line 249.
(pdftex.def)             Requested size: 242.5611pt x 211.47165pt.
<figs/pw19v.jpg, id=299, 1505.625pt x 713.66624pt>
File: figs/pw19v.jpg Graphic file (type jpg)
<use figs/pw19v.jpg>
Package pdftex.def Info: figs/pw19v.jpg  used on input line 251.
(pdftex.def)             Requested size: 242.5611pt x 114.97298pt.
) (C:/Users/vidi/Pictures/tfg-vperez/latex\capitulos/capitulo5.tex
LaTeX Info: Redefining \. on input line 1.
LaTeX Info: Redefining \% on input line 1.
 [24 <C:/Users/vidi/Pictures/tfg-vperez/latex/figs/pw24v.jpg> <C:/Users/vidi/Pi
ctures/tfg-vperez/latex/figs/pw19v.jpg>]
Cap\'{\i }tulo 5.

LaTeX Warning: Reference `sec:requisitos' on page 25 undefined on input line 16
.

[25

]

Package acronym Warning: Acronym `SCARA' is not defined on input line 40.


Underfull \hbox (badness 1406) in paragraph at lines 40--45
[]\OT1/cmr/m/n/12 Robots [][]: son una categor^^S^^Pa de robots industriales am
pliamente
 []

<figs/fanuc.jpg, id=314, 803.0pt x 803.0pt>
File: figs/fanuc.jpg Graphic file (type jpg)
<use figs/fanuc.jpg>
Package pdftex.def Info: figs/fanuc.jpg  used on input line 48.
(pdftex.def)             Requested size: 132.30666pt x 132.30548pt.

Underfull \hbox (badness 10000) in paragraph at lines 48--48
[]\OT1/cmr/m/n/12 (a) Ensamblado de
 []

<figs/fanuc_spacio.jpg, id=315, 1606.0pt x 1606.0pt>
File: figs/fanuc_spacio.jpg Graphic file (type jpg)
<use figs/fanuc_spacio.jpg>
Package pdftex.def Info: figs/fanuc_spacio.jpg  used on input line 50.
(pdftex.def)             Requested size: 132.30666pt x 132.30548pt.
<figs/rebel4dof.jpg, id=318, 642.4pt x 807.015pt>
File: figs/rebel4dof.jpg Graphic file (type jpg)
<use figs/rebel4dof.jpg>
Package pdftex.def Info: figs/rebel4dof.jpg  used on input line 57.
(pdftex.def)             Requested size: 132.30666pt x 166.2026pt.
<figs/igus_space.png, id=319, 1354.3097pt x 1201.48875pt>
File: figs/igus_space.png Graphic file (type png)
<use figs/igus_space.png>
Package pdftex.def Info: figs/igus_space.png  used on input line 59.
(pdftex.def)             Requested size: 176.40439pt x 156.49236pt.

LaTeX Warning: `!h' float specifier changed to `!ht'.

LaTeX Info: Redefining \. on input line 72.
LaTeX Info: Redefining \% on input line 72.
[26 <C:/Users/vidi/Pictures/tfg-vperez/latex/figs/fanuc.jpg> <C:/Users/vidi/Pic
tures/tfg-vperez/latex/figs/fanuc_spacio.jpg>]
<figs/delta_flex_picker.png, id=331, 463.9734pt x 589.0005pt>
File: figs/delta_flex_picker.png Graphic file (type png)
<use figs/delta_flex_picker.png>
Package pdftex.def Info: figs/delta_flex_picker.png  used on input line 75.
(pdftex.def)             Requested size: 132.30666pt x 167.95676pt.
File: figs/igus_space.png Graphic file (type png)
<use figs/igus_space.png>
Package pdftex.def Info: figs/igus_space.png  used on input line 77.
(pdftex.def)             Requested size: 176.40439pt x 156.49236pt.

! TeX capacity exceeded, sorry [input stack size=10000].
\caption@ifstrut #1#2->#1
                         
l.79 \end
         {figure}
If you really absolutely need more capacity,
you can ask a wizard to enlarge me.

 
Here is how much of TeX's memory you used:
 16054 strings out of 476410
 262465 string characters out of 5789585
 1862845 words of memory out of 5000000
 35964 multiletter control sequences out of 15000+600000
 522587 words of font info for 72 fonts, out of 8000000 for 9000
 1147 hyphenation exceptions out of 8191
 10000i,9n,10006p,688b,686s stack positions out of 10000i,1000n,20000p,200000b,200000s
!  ==> Fatal error occurred, no output PDF file produced!
